[2023-08-10 15:23:45,367][__main__][INFO] - if Cuda available:True
[2023-08-10 15:23:45,397][__main__][INFO] - Cuda info:
_CudaDeviceProperties(name='NVIDIA RTX A3000 Laptop GPU', major=8, minor=6, total_memory=5937MB, multi_processor_count=32)
[2023-08-10 15:23:45,399][__main__][INFO] - Config:
project_name: smart_sensor_fusion
seed: 42
dataloaders: {}
datasets:
  dataloader:
    num_categories: 10
    seq_len: 17
    train_size: 50000
    val_size: 1000
    test_size: 10000
    batch_size: 128
models:
  model:
    _target_: src.Models.trafo_predictor.TransformerPredictor
    name: tutorial_6_transpose
    input_dim: 10
    model_dim: 32
    num_heads: 1
    num_classes: 10
    num_layers: 1
    dropout: 0.0
optimizers:
  optimizer:
    lr: 0.0001
  scheduler:
    step_size: 3
    gamma: 0.9
pl_modules:
  pl_module:
    _target_: src.pl_modules.tutorial_6_transpose.TransformerPredictor
    num_classes: 10
trainers: {}

[2023-08-10 15:23:45,400][__main__][INFO] - Current working directory: /home/jin4rng/Documents/code/smart_sensor_fusion
[2023-08-10 15:23:45,400][__main__][INFO] - Original working directory: /home/jin4rng/Documents/code/smart_sensor_fusion
[2023-08-10 15:23:45,400][__main__][INFO] - Current Project path: /home/jin4rng/Documents/code/smart_sensor_fusion
