[2023-08-10 11:57:14,526][__main__][INFO] - if Cuda available:True
[2023-08-10 11:57:14,556][__main__][INFO] - Cuda info:
_CudaDeviceProperties(name='NVIDIA RTX A3000 Laptop GPU', major=8, minor=6, total_memory=5937MB, multi_processor_count=32)
[2023-08-10 11:57:14,557][__main__][INFO] - Config:
project_name: smart_sensor_fusion
seed: 42
dataloaders: {}
datasets: {}
models:
  model:
    _target_: src.TransformerPredictor
    name: tutorial_6_transpose
    input_dim: 10,
    model_dim: 32,
    num_heads: 1,
    num_classes: 10,
    num_layers: 1,
    dropout: 0.0,
optimizers: {}
trainers: {}

[2023-08-10 11:57:14,557][__main__][INFO] - Current working directory: /home/jin4rng/Documents/code/smart_sensor_fusion
[2023-08-10 11:57:14,557][__main__][INFO] - Original working directory: /home/jin4rng/Documents/code/smart_sensor_fusion
[2023-08-10 11:57:14,557][__main__][INFO] - Current Project path: /home/jin4rng/Documents/code/smart_sensor_fusion
